<?xml version="1.0" encoding="UTF-8"?>
<testng-results skipped="0" failed="0" total="1" passed="1">
  <reporter-output>
  </reporter-output>
  <suite name="Suite" duration-ms="135400" started-at="2017-10-05T02:37:15Z" finished-at="2017-10-05T02:39:31Z">
    <groups>
    </groups>
    <test name="Test" duration-ms="135400" started-at="2017-10-05T02:37:15Z" finished-at="2017-10-05T02:39:31Z">
      <class name="MailCreateTest">
        <test-method status="PASS" signature="beforeClass()[pri:0, instance:MailCreateTest@17550481]" name="beforeClass" is-config="true" duration-ms="3929" started-at="2017-10-05T08:07:15Z" finished-at="2017-10-05T08:07:19Z">
          <reporter-output>
          </reporter-output>
        </test-method> <!-- beforeClass -->
        <test-method status="PASS" signature="verifySearchButtonTest()[pri:0, instance:MailCreateTest@17550481]" name="verifySearchButtonTest" duration-ms="130207" started-at="2017-10-05T08:07:19Z" finished-at="2017-10-05T08:09:30Z">
          <reporter-output>
          </reporter-output>
        </test-method> <!-- verifySearchButtonTest -->
        <test-method status="PASS" signature="afterClass()[pri:0, instance:MailCreateTest@17550481]" name="afterClass" is-config="true" duration-ms="1251" started-at="2017-10-05T08:09:30Z" finished-at="2017-10-05T08:09:31Z">
          <reporter-output>
          </reporter-output>
        </test-method> <!-- afterClass -->
      </class> <!-- MailCreateTest -->
    </test> <!-- Test -->
  </suite> <!-- Suite -->
</testng-results>
