<?xml version="1.0" encoding="UTF-8"?>
<testng-results skipped="0" failed="0" ignored="0" total="1" passed="1">
  <reporter-output>
  </reporter-output>
  <suite name="Suite" duration-ms="150986" started-at="2017-10-05T02:25:29Z" finished-at="2017-10-05T02:28:00Z">
    <groups>
    </groups>
    <test name="Test" duration-ms="150986" started-at="2017-10-05T02:25:29Z" finished-at="2017-10-05T02:28:00Z">
      <class name="MailCreateTest">
        <test-method status="PASS" signature="beforeClass()[pri:0, instance:MailCreateTest@708f5957]" name="beforeClass" is-config="true" duration-ms="17043" started-at="2017-10-05T07:55:29Z" finished-at="2017-10-05T07:55:46Z">
          <reporter-output>
          </reporter-output>
        </test-method> <!-- beforeClass -->
        <test-method status="PASS" signature="verifySearchButtonTest()[pri:0, instance:MailCreateTest@708f5957]" name="verifySearchButtonTest" duration-ms="132602" started-at="2017-10-05T07:55:46Z" finished-at="2017-10-05T07:57:59Z">
          <reporter-output>
          </reporter-output>
        </test-method> <!-- verifySearchButtonTest -->
        <test-method status="PASS" signature="afterClass()[pri:0, instance:MailCreateTest@708f5957]" name="afterClass" is-config="true" duration-ms="1298" started-at="2017-10-05T07:57:59Z" finished-at="2017-10-05T07:58:00Z">
          <reporter-output>
          </reporter-output>
        </test-method> <!-- afterClass -->
      </class> <!-- MailCreateTest -->
    </test> <!-- Test -->
  </suite> <!-- Suite -->
</testng-results>
