<?xml version="1.0" encoding="UTF-8"?>
<testng-results skipped="0" failed="0" total="1" passed="1">
  <reporter-output>
  </reporter-output>
  <suite name="Default suite" duration-ms="1308034" started-at="2017-10-05T16:23:14Z" finished-at="2017-10-05T16:45:02Z">
    <groups>
    </groups>
    <test name="Default test" duration-ms="1308034" started-at="2017-10-05T16:23:14Z" finished-at="2017-10-05T16:45:02Z">
      <class name="MailCreateTest">
        <test-method status="PASS" signature="beforeClass()[pri:0, instance:MailCreateTest@3e6fa38a]" name="beforeClass" is-config="true" duration-ms="2216" started-at="2017-10-05T21:53:14Z" finished-at="2017-10-05T21:53:17Z">
          <reporter-output>
          </reporter-output>
        </test-method> <!-- beforeClass -->
        <test-method status="PASS" signature="verifySearchButtonTest()[pri:0, instance:MailCreateTest@3e6fa38a]" name="verifySearchButtonTest" duration-ms="1304671" started-at="2017-10-05T21:53:17Z" finished-at="2017-10-05T22:15:01Z">
          <reporter-output>
          </reporter-output>
        </test-method> <!-- verifySearchButtonTest -->
        <test-method status="PASS" signature="afterClass()[pri:0, instance:MailCreateTest@3e6fa38a]" name="afterClass" is-config="true" duration-ms="1127" started-at="2017-10-05T22:15:01Z" finished-at="2017-10-05T22:15:02Z">
          <reporter-output>
          </reporter-output>
        </test-method> <!-- afterClass -->
      </class> <!-- MailCreateTest -->
    </test> <!-- Default test -->
  </suite> <!-- Default suite -->
</testng-results>
